#
# A fatal error has been detected by the Java Runtime Environment:
#
#  EXCEPTION_ACCESS_VIOLATION (0xc0000005) at pc=0x00007ff811152065, pid=29408, tid=0x0000000000007518
#
# JRE version: Java(TM) SE Runtime Environment (8.0_271-b09) (build 1.8.0_271-b09)
# Java VM: Java HotSpot(TM) 64-Bit Server VM (25.271-b09 mixed mode windows-amd64 compressed oops)
# Problematic frame:
# C  [ig11icd64.dll+0x42065]
#
# Failed to write core dump. Minidumps are not enabled by default on client versions of Windows
#
# If you would like to submit a bug report, please visit:
#   http://bugreport.java.com/bugreport/crash.jsp
#

---------------  T H R E A D  ---------------

Current thread (0x0000022b9c806800):  VMThread [stack: 0x0000009471500000,0x0000009471600000] [id=29976]

siginfo: ExceptionCode=0xc0000005, reading address 0x0000000000034868

Registers:
RAX=0x0000022bac6aa788, RBX=0x0000022bac6aa6c0, RCX=0x0000000000000000, RDX=0x0000022bac6aa788
RSP=0x00000094715fe660, RBP=0x0000000000000000, RSI=0x0000022bac6a7e40, RDI=0x0000022b9ef20320
R8 =0x0000000000000000, R9 =0x0000000000000000, R10=0x0000000000000000, R11=0x0000000000000246
R12=0x0000022b9edec800, R13=0x0000000000000000, R14=0x0000022bac6aab50, R15=0x0000000000000000
RIP=0x00007ff811152065, EFLAGS=0x0000000000010206

Top of Stack: (sp=0x00000094715fe660)
0x00000094715fe660:   00000001f46857d4 0000000000000000
0x00000094715fe670:   0000199b83fb11a2 0000005400000000
0x00000094715fe680:   0000000000000088 0000000000000000
0x00000094715fe690:   000000000000433e 0000022b9edec8c0
0x00000094715fe6a0:   0000b802000000a8 00007ff811135526
0x00000094715fe6b0:   0000022b9ed41960 0000022b9ef20320
0x00000094715fe6c0:   00000094715fe7b0 0000000000000000
0x00000094715fe6d0:   0000009400000000 0000000000000000
0x00000094715fe6e0:   00000094715fe740 0000000000000000
0x00000094715fe6f0:   0000133000000000 0000000000000000
0x00000094715fe700:   0000000000000000 0000000000000000
0x00000094715fe710:   0000199b83fb1332 00007ff8735ddde0
0x00000094715fe720:   0000000000000001 00000094715fe800
0x00000094715fe730:   0000022b9eded218 0000022b9ededb80
0x00000094715fe740:   0000000000000000 0000022b9ededb88
0x00000094715fe750:   0000b802000000a8 0000000000001610 

Instructions: (pc=0x00007ff811152065)
0x00007ff811152045:   1d 8b c1 83 e0 0f 48 6b c0 38 48 03 c2 48 85 c0
0x00007ff811152055:   74 0c 48 8b 48 08 eb 08 48 83 c0 08 eb ef 33 c9
0x00007ff811152065:   48 3b 8d 68 48 03 00 76 6b 48 8b 87 80 02 00 00
0x00007ff811152075:   49 89 06 48 89 9f 80 02 00 00 ff 87 88 02 00 00 


Register to memory mapping:

RAX=0x0000022bac6aa788 is an unknown value
RBX=0x0000022bac6aa6c0 is an unknown value
RCX=0x0000000000000000 is an unknown value
RDX=0x0000022bac6aa788 is an unknown value
RSP=0x00000094715fe660 is an unknown value
RBP=0x0000000000000000 is an unknown value
RSI=0x0000022bac6a7e40 is an unknown value
RDI=0x0000022b9ef20320 is an unknown value
R8 =0x0000000000000000 is an unknown value
R9 =0x0000000000000000 is an unknown value
R10=0x0000000000000000 is an unknown value
R11=0x0000000000000246 is an unknown value
R12=0x0000022b9edec800 is an unknown value
R13=0x0000000000000000 is an unknown value
R14=0x0000022bac6aab50 is an unknown value
R15=0x0000000000000000 is an unknown value


Stack: [0x0000009471500000,0x0000009471600000],  sp=0x00000094715fe660,  free space=1017k
Native frames: (J=compiled Java code, j=interpreted, Vv=VM code, C=native code)

VM_Operation (0x0000009471aff120): Exit, mode: safepoint, requested by thread 0x0000022b9c886800


---------------  P R O C E S S  ---------------

Java Threads: ( => current thread )
  0x0000022b9c886800 JavaThread "SIGINT handler" daemon [_thread_blocked, id=22132, stack(0x0000009471a00000,0x0000009471b00000)]
  0x0000022b86a82800 JavaThread "DestroyJavaVM" [_thread_blocked, id=28720, stack(0x0000009470c00000,0x0000009470d00000)]
  0x0000022b9e95d000 JavaThread "game" [_thread_blocked, id=30752, stack(0x0000009472300000,0x0000009472400000)]
  0x0000022b9e8c6800 JavaThread "Service Thread" daemon [_thread_blocked, id=31444, stack(0x0000009472100000,0x0000009472200000)]
  0x0000022b9e80b000 JavaThread "C1 CompilerThread3" daemon [_thread_blocked, id=30532, stack(0x0000009472000000,0x0000009472100000)]
  0x0000022b9e80a000 JavaThread "C2 CompilerThread2" daemon [_thread_blocked, id=30964, stack(0x0000009471f00000,0x0000009472000000)]
  0x0000022b9e7fb000 JavaThread "C2 CompilerThread1" daemon [_thread_blocked, id=30268, stack(0x0000009471e00000,0x0000009471f00000)]
  0x0000022b9e7fa000 JavaThread "C2 CompilerThread0" daemon [_thread_blocked, id=1788, stack(0x0000009471d00000,0x0000009471e00000)]
  0x0000022b9c881000 JavaThread "JDWP Event Helper Thread" daemon [_thread_blocked, id=30600, stack(0x0000009471b00000,0x0000009471c00000)]
  0x0000022b9c865000 JavaThread "Attach Listener" daemon [_thread_blocked, id=30876, stack(0x0000009471900000,0x0000009471a00000)]
  0x0000022b9c862000 JavaThread "Signal Dispatcher" daemon [_thread_blocked, id=28888, stack(0x0000009471800000,0x0000009471900000)]
  0x0000022b9c836800 JavaThread "Finalizer" daemon [_thread_blocked, id=31136, stack(0x0000009471700000,0x0000009471800000)]
  0x0000022b9c82f000 JavaThread "Reference Handler" daemon [_thread_blocked, id=21500, stack(0x0000009471600000,0x0000009471700000)]

Other Threads:
=>0x0000022b9c806800 VMThread [stack: 0x0000009471500000,0x0000009471600000] [id=29976]

VM state:at safepoint (shutting down)

VM Mutex/Monitor currently owned by a thread:  ([mutex/lock_event])
[0x0000022b86a80e50] Threads_lock - owner thread: 0x0000022b9c806800

heap address: 0x0000000086600000, size: 1946 MB, Compressed Oops mode: 32-bit
Narrow klass base: 0x0000000000000000, Narrow klass shift: 3
Compressed class space size: 1073741824 Address: 0x0000000100000000

Heap:
 PSYoungGen      total 36352K, used 29768K [0x00000000d7780000, 0x00000000da000000, 0x0000000100000000)
  eden space 31232K, 95% used [0x00000000d7780000,0x00000000d9492350,0x00000000d9600000)
  from space 5120K, 0% used [0x00000000d9b00000,0x00000000d9b00000,0x00000000da000000)
  to   space 5120K, 0% used [0x00000000d9600000,0x00000000d9600000,0x00000000d9b00000)
 ParOldGen       total 83456K, used 0K [0x0000000086600000, 0x000000008b780000, 0x00000000d7780000)
  object space 83456K, 0% used [0x0000000086600000,0x0000000086600000,0x000000008b780000)
 Metaspace       used 10163K, capacity 10389K, committed 10752K, reserved 1058816K
  class space    used 853K, capacity 919K, committed 1024K, reserved 1048576K

Card table byte_map: [0x0000022b977e0000,0x0000022b97bb0000] byte_map_base: 0x0000022b973ad000

Marking Bits: (ParMarkBitMap*) 0x0000000061ae7fe0
 Begin Bits: [0x0000022b97e40000, 0x0000022b99ca8000)
 End Bits:   [0x0000022b99ca8000, 0x0000022b9bb10000)

Polling page: 0x0000022b86a00000

CodeCache: size=245760Kb used=3231Kb max_used=3231Kb free=242528Kb
 bounds [0x0000022b88420000, 0x0000022b88750000, 0x0000022b97420000]
 total_blobs=1613 nmethods=726 adapters=808
 compilation: enabled

Compilation events (10 events):
Event: 2.771 Thread 0x0000022b9e80b000  722       3       java.util.ArrayList$Itr::checkForComodification (23 bytes)
Event: 2.771 Thread 0x0000022b9e80b000 nmethod 722 0x0000022b88747990 code [0x0000022b88747b00, 0x0000022b88747d30]
Event: 2.771 Thread 0x0000022b9e80b000  723       3       java.util.ArrayList$Itr::next (66 bytes)
Event: 2.772 Thread 0x0000022b9e80b000 nmethod 723 0x0000022b88747e50 code [0x0000022b88748020, 0x0000022b88748510]
Event: 2.772 Thread 0x0000022b9e80b000  724       1       engine.objects.GameObject$SpriteRenderer::getWindow (5 bytes)
Event: 2.772 Thread 0x0000022b9e80b000 nmethod 724 0x0000022b8873e750 code [0x0000022b8873e8a0, 0x0000022b8873e9b8]
Event: 2.774 Thread 0x0000022b9e80b000  725       3       java.nio.ByteOrder::nativeOrder (4 bytes)
Event: 2.774 Thread 0x0000022b9e80b000 nmethod 725 0x0000022b88748810 code [0x0000022b88748980, 0x0000022b88748b38]
Event: 2.775 Thread 0x0000022b9e80b000  726       3       sun.misc.Unsafe::getAndAddLong (27 bytes)
Event: 2.775 Thread 0x0000022b9e80b000 nmethod 726 0x0000022b88748bd0 code [0x0000022b88748d40, 0x0000022b88748f58]

GC Heap History (0 events):
No events

Deoptimization events (1 events):
Event: 0.398 Thread 0x0000022b9e95d000 Uncommon trap: reason=null_check action=make_not_entrant pc=0x0000022b885b59f4 method=java.lang.String.equals(Ljava/lang/Object;)Z @ 8

Classes redefined (0 events):
No events

Internal exceptions (10 events):
Event: 0.420 Thread 0x0000022b9e95d000 Exception <a 'sun/nio/fs/WindowsException'> (0x00000000d81454a8) thrown at [C:\jenkins\workspace\8-2-build-windows-amd64-cygwin\jdk8u271\605\hotspot\src\share\vm\prims\jni.cpp, line 710]
Event: 0.448 Thread 0x0000022b9e95d000 Exception <a 'sun/nio/fs/WindowsException'> (0x00000000d8200550) thrown at [C:\jenkins\workspace\8-2-build-windows-amd64-cygwin\jdk8u271\605\hotspot\src\share\vm\prims\jni.cpp, line 710]
Event: 0.448 Thread 0x0000022b9e95d000 Exception <a 'sun/nio/fs/WindowsException'> (0x00000000d8200c40) thrown at [C:\jenkins\workspace\8-2-build-windows-amd64-cygwin\jdk8u271\605\hotspot\src\share\vm\prims\jni.cpp, line 710]
Event: 0.693 Thread 0x0000022b9e95d000 Exception <a 'sun/nio/fs/WindowsException'> (0x00000000d8432790) thrown at [C:\jenkins\workspace\8-2-build-windows-amd64-cygwin\jdk8u271\605\hotspot\src\share\vm\prims\jni.cpp, line 710]
Event: 0.693 Thread 0x0000022b9e95d000 Exception <a 'sun/nio/fs/WindowsException'> (0x00000000d8432ee8) thrown at [C:\jenkins\workspace\8-2-build-windows-amd64-cygwin\jdk8u271\605\hotspot\src\share\vm\prims\jni.cpp, line 710]
Event: 0.696 Thread 0x0000022b9e95d000 Exception <a 'sun/nio/fs/WindowsException'> (0x00000000d843d980) thrown at [C:\jenkins\workspace\8-2-build-windows-amd64-cygwin\jdk8u271\605\hotspot\src\share\vm\prims\jni.cpp, line 710]
Event: 0.696 Thread 0x0000022b9e95d000 Exception <a 'sun/nio/fs/WindowsException'> (0x00000000d843df88) thrown at [C:\jenkins\workspace\8-2-build-windows-amd64-cygwin\jdk8u271\605\hotspot\src\share\vm\prims\jni.cpp, line 710]
Event: 2.754 Thread 0x0000022b9e95d000 JVM_StopThread thread JavaThread 0x0000000000000000 as oop 0x00000000d9266ae8 [exception 0x00000094723ff080]
Event: 2.771 Thread 0x0000022b9e95d000 JVM_StopThread thread JavaThread 0x0000022b9c886800 as oop 0x00000000d927d698 [exception 0x00000094723ff080]
Event: 2.771 Thread 0x0000022b9c886800 Exception <a 'java/lang/ThreadDeath': sleep interrupted> (0x00000000d9294100) thrown at [C:\jenkins\workspace\8-2-build-windows-amd64-cygwin\jdk8u271\605\hotspot\src\share\vm\prims\jvm.cpp, line 3346]

Events (10 events):
Event: 2.771 Thread 0x0000022bac6f0800 Thread exited: 0x0000022bac6f0800
Event: 2.771 Thread 0x0000022b9c886800 Thread exited: 0x0000022b9c886800
Event: 2.773 loading class sun/misc/Signal$1
Event: 2.774 loading class sun/misc/Signal$1 done
Event: 2.774 Thread 0x0000022b9c886800 Thread added: 0x0000022b9c886800
Event: 2.774 loading class java/lang/Shutdown
Event: 2.774 loading class java/lang/Shutdown done
Event: 2.775 loading class java/lang/Shutdown$Lock
Event: 2.775 loading class java/lang/Shutdown$Lock done
Event: 2.775 Executing VM operation: Exit


Dynamic libraries:
0x00007ff7df0e0000 - 0x00007ff7df127000 	C:\Program Files\Java\jdk1.8.0_271\bin\java.exe
0x00007ff888560000 - 0x00007ff888750000 	C:\windows\SYSTEM32\ntdll.dll
0x00007ff887d50000 - 0x00007ff887e02000 	C:\windows\System32\KERNEL32.DLL
0x00007ff8861d0000 - 0x00007ff886475000 	C:\windows\System32\KERNELBASE.dll
0x00007ff8872c0000 - 0x00007ff887363000 	C:\windows\System32\ADVAPI32.dll
0x00007ff886e00000 - 0x00007ff886e9e000 	C:\windows\System32\msvcrt.dll
0x00007ff887c50000 - 0x00007ff887ce7000 	C:\windows\System32\sechost.dll
0x00007ff887ad0000 - 0x00007ff887bf0000 	C:\windows\System32\RPCRT4.dll
0x00007ff887e10000 - 0x00007ff887fa4000 	C:\windows\System32\USER32.dll
0x00007ff885700000 - 0x00007ff885721000 	C:\windows\System32\win32u.dll
0x00007ff886d70000 - 0x00007ff886d96000 	C:\windows\System32\GDI32.dll
0x00007ff885530000 - 0x00007ff8856c6000 	C:\windows\System32\gdi32full.dll
0x00007ff885730000 - 0x00007ff8857ce000 	C:\windows\System32\msvcp_win.dll
0x00007ff886480000 - 0x00007ff88657a000 	C:\windows\System32\ucrtbase.dll
0x00007ff877e50000 - 0x00007ff8780d4000 	C:\windows\WinSxS\amd64_microsoft.windows.common-controls_6595b64144ccf1df_6.0.18362.1256_none_9e7e379be45e40e2\COMCTL32.dll
0x00007ff887fb0000 - 0x00007ff8882e6000 	C:\windows\System32\combase.dll
0x00007ff886580000 - 0x00007ff886601000 	C:\windows\System32\bcryptPrimitives.dll
0x00007ff887d20000 - 0x00007ff887d4e000 	C:\windows\System32\IMM32.DLL
0x00007ff8811b0000 - 0x00007ff8811c5000 	C:\Program Files\Java\jdk1.8.0_271\jre\bin\vcruntime140.dll
0x00007ff843690000 - 0x00007ff84372b000 	C:\Program Files\Java\jdk1.8.0_271\jre\bin\msvcp140.dll
0x00000000612f0000 - 0x0000000061b5f000 	C:\Program Files\Java\jdk1.8.0_271\jre\bin\server\jvm.dll
0x00007ff887cf0000 - 0x00007ff887cf8000 	C:\windows\System32\PSAPI.DLL
0x00007ff8833f0000 - 0x00007ff883414000 	C:\windows\SYSTEM32\WINMM.dll
0x00007ff878910000 - 0x00007ff87891a000 	C:\windows\SYSTEM32\VERSION.dll
0x00007ff875a90000 - 0x00007ff875a99000 	C:\windows\SYSTEM32\WSOCK32.dll
0x00007ff8875f0000 - 0x00007ff88765f000 	C:\windows\System32\WS2_32.dll
0x00007ff883390000 - 0x00007ff8833bd000 	C:\windows\SYSTEM32\WINMMBASE.dll
0x00007ff886180000 - 0x00007ff8861ca000 	C:\windows\System32\cfgmgr32.dll
0x00007ff885430000 - 0x00007ff885441000 	C:\windows\System32\kernel.appcore.dll
0x00007ff87fcc0000 - 0x00007ff87fcd0000 	C:\Program Files\Java\jdk1.8.0_271\jre\bin\verify.dll
0x00007ff872ed0000 - 0x00007ff872efb000 	C:\Program Files\Java\jdk1.8.0_271\jre\bin\java.dll
0x00007ff872e60000 - 0x00007ff872e96000 	C:\Program Files\Java\jdk1.8.0_271\jre\bin\jdwp.dll
0x00007ff872ec0000 - 0x00007ff872ec9000 	C:\Program Files\Java\jdk1.8.0_271\jre\bin\npt.dll
0x00007ff872e30000 - 0x00007ff872e60000 	C:\Program Files\Java\jdk1.8.0_271\jre\bin\instrument.dll
0x00007ff87fc70000 - 0x00007ff87fc88000 	C:\Program Files\Java\jdk1.8.0_271\jre\bin\zip.dll
0x00007ff886610000 - 0x00007ff886cf7000 	C:\windows\System32\SHELL32.dll
0x00007ff887130000 - 0x00007ff8871d9000 	C:\windows\System32\shcore.dll
0x00007ff885940000 - 0x00007ff8860c1000 	C:\windows\System32\windows.storage.dll
0x00007ff885450000 - 0x00007ff885473000 	C:\windows\System32\profapi.dll
0x00007ff885480000 - 0x00007ff8854ca000 	C:\windows\System32\powrprof.dll
0x00007ff885400000 - 0x00007ff885410000 	C:\windows\System32\UMPDC.dll
0x00007ff886da0000 - 0x00007ff886df2000 	C:\windows\System32\shlwapi.dll
0x00007ff8857d0000 - 0x00007ff8857e7000 	C:\windows\System32\cryptsp.dll
0x00007ff872eb0000 - 0x00007ff872eba000 	C:\Program Files\Java\jdk1.8.0_271\jre\bin\dt_socket.dll
0x00007ff884bf0000 - 0x00007ff884c57000 	C:\windows\system32\mswsock.dll
0x00007ff86bfb0000 - 0x00007ff86bfcc000 	C:\Program Files\Java\jdk1.8.0_271\jre\bin\net.dll
0x00007ff86ab10000 - 0x00007ff86ab23000 	C:\Program Files\Java\jdk1.8.0_271\jre\bin\nio.dll
0x00007ff84b4e0000 - 0x00007ff84b544000 	C:\Users\Bailey\AppData\Local\Temp\lwjglBailey\3.2.3-build-13\lwjgl.dll
0x00007ff84b410000 - 0x00007ff84b472000 	C:\Users\Bailey\AppData\Local\Temp\lwjglBailey\3.2.3-build-13\glfw.dll
0x00007ff8836c0000 - 0x00007ff883759000 	C:\windows\system32\uxtheme.dll
0x00007ff847b90000 - 0x00007ff847bd3000 	C:\windows\SYSTEM32\dinput8.dll
0x00007ff86aad0000 - 0x00007ff86aae1000 	C:\windows\SYSTEM32\xinput1_4.dll
0x00007ff8851f0000 - 0x00007ff88521a000 	C:\windows\SYSTEM32\DEVOBJ.dll
0x00007ff883a20000 - 0x00007ff883a4d000 	C:\windows\SYSTEM32\dwmapi.dll
0x00007ff85b330000 - 0x00007ff85b44b000 	C:\windows\SYSTEM32\inputhost.dll
0x00007ff8831b0000 - 0x00007ff883284000 	C:\windows\SYSTEM32\CoreMessaging.dll
0x00007ff881d10000 - 0x00007ff881e00000 	C:\windows\SYSTEM32\PROPSYS.dll
0x00007ff87ffd0000 - 0x00007ff8802fa000 	C:\windows\SYSTEM32\CoreUIComponents.dll
0x00007ff8812d0000 - 0x00007ff881423000 	C:\windows\SYSTEM32\wintypes.dll
0x00007ff886ea0000 - 0x00007ff886f65000 	C:\windows\System32\OLEAUT32.dll
0x00007ff884400000 - 0x00007ff884431000 	C:\windows\SYSTEM32\ntmarta.dll
0x00007ff8874b0000 - 0x00007ff8875e5000 	C:\windows\System32\MSCTF.dll
0x00007ff883fa0000 - 0x00007ff883fae000 	C:\windows\SYSTEM32\HID.DLL
0x00007ff887660000 - 0x00007ff887ad0000 	C:\windows\System32\SETUPAPI.DLL
0x00007ff8856d0000 - 0x00007ff8856f6000 	C:\windows\System32\bcrypt.dll
0x00007ff8854d0000 - 0x00007ff88552c000 	C:\windows\System32\WINTRUST.dll
0x00007ff885410000 - 0x00007ff885422000 	C:\windows\System32\MSASN1.dll
0x00007ff8857f0000 - 0x00007ff885939000 	C:\windows\System32\CRYPT32.dll
0x00007ff855c80000 - 0x00007ff855dd6000 	C:\windows\SYSTEM32\opengl32.dll
0x00007ff855c10000 - 0x00007ff855c3c000 	C:\windows\SYSTEM32\GLU32.dll
0x00007ff884000000 - 0x00007ff884020000 	C:\windows\SYSTEM32\dxcore.dll
0x00007ff811110000 - 0x00007ff812046000 	C:\windows\System32\DriverStore\FileRepository\iigd_dch.inf_amd64_99f3effa9b6e163f\ig11icd64.dll
0x00007ff886fd0000 - 0x00007ff887127000 	C:\windows\System32\OLE32.DLL
0x00007ff884090000 - 0x00007ff88417b000 	C:\windows\system32\dxgi.dll
0x00007ff878ac0000 - 0x00007ff87aebc000 	C:\windows\System32\DriverStore\FileRepository\iigd_dch.inf_amd64_99f3effa9b6e163f\igc64.dll
0x00007ff87b020000 - 0x00007ff87b1c0000 	C:\windows\System32\DriverStore\FileRepository\iigd_dch.inf_amd64_99f3effa9b6e163f\igdgmm64.dll
0x00007ff85b450000 - 0x00007ff85b4ee000 	C:\windows\System32\TextInputFramework.dll
0x00007ff873490000 - 0x00007ff873737000 	C:\windows\System32\iertutil.dll
0x00007ff864760000 - 0x00007ff8647c5000 	C:\windows\system32\Oleacc.dll
0x00007ff842ed0000 - 0x00007ff842f29000 	C:\Users\Bailey\AppData\Local\Temp\lwjglBailey\3.2.3-build-13\lwjgl_opengl.dll
0x00007ff8250f0000 - 0x00007ff825284000 	C:\Program Files\Java\jdk1.8.0_271\jre\bin\awt.dll
0x00007ff8834f0000 - 0x00007ff88357f000 	C:\windows\SYSTEM32\apphelp.dll
0x00007ff847b00000 - 0x00007ff847b89000 	C:\Program Files (x86)\Overwolf\0.159.0.31\OWExplorer.dll
0x00007ff877630000 - 0x00007ff877824000 	C:\windows\SYSTEM32\dbghelp.dll

VM Arguments:
jvm_args: -agentlib:jdwp=transport=dt_socket,address=127.0.0.1:55861,suspend=y,server=n -javaagent:C:\Users\Bailey\AppData\Local\JetBrains\IntelliJIdea2020.2\captureAgent\debugger-agent.jar -Dfile.encoding=UTF-8 
java_command: main.Main
java_class_path (initial): C:\Program Files\Java\jdk1.8.0_271\jre\lib\charsets.jar;C:\Program Files\Java\jdk1.8.0_271\jre\lib\deploy.jar;C:\Program Files\Java\jdk1.8.0_271\jre\lib\ext\access-bridge-64.jar;C:\Program Files\Java\jdk1.8.0_271\jre\lib\ext\cldrdata.jar;C:\Program Files\Java\jdk1.8.0_271\jre\lib\ext\dnsns.jar;C:\Program Files\Java\jdk1.8.0_271\jre\lib\ext\jaccess.jar;C:\Program Files\Java\jdk1.8.0_271\jre\lib\ext\jfxrt.jar;C:\Program Files\Java\jdk1.8.0_271\jre\lib\ext\localedata.jar;C:\Program Files\Java\jdk1.8.0_271\jre\lib\ext\nashorn.jar;C:\Program Files\Java\jdk1.8.0_271\jre\lib\ext\sunec.jar;C:\Program Files\Java\jdk1.8.0_271\jre\lib\ext\sunjce_provider.jar;C:\Program Files\Java\jdk1.8.0_271\jre\lib\ext\sunmscapi.jar;C:\Program Files\Java\jdk1.8.0_271\jre\lib\ext\sunpkcs11.jar;C:\Program Files\Java\jdk1.8.0_271\jre\lib\ext\zipfs.jar;C:\Program Files\Java\jdk1.8.0_271\jre\lib\javaws.jar;C:\Program Files\Java\jdk1.8.0_271\jre\lib\jce.jar;C:\Program Files\Java\jdk1.8.0_271\jre\lib\jfr.jar;C:\Program Files\Java\jdk1.8.0_271\jre\lib\jfxswt.jar;C:\Program Files\Java\jdk1.8.0_271\jre\lib\jsse.jar;C:\Program Files\Java\jdk1.8.0_271\jre\lib\management-agent.jar;C:\Program Files\Java\jdk1.8.0_271\jre\lib\plugin.jar;C:\Program Files\Java\jdk1.8.0_271\jre\lib\resources.jar;C:\Program Files\Java\jdk1.8.0_271\jre\lib\rt.jar;C:\Users\Bailey\Desktop\Programming\Game Development\charps\bin;C:\Users\Bailey\.m2\repository\org\jetbrains\annotations\19.0.0\annotations-19.0.0.jar;C:\Users\Bailey\Desktop\Programming\Libraries\LWJGL\lwjgl.jar;C:\Users\Bailey\Desktop\Programming\Libraries\LWJGL\lwjgl-glfw.jar;C:\Users\Bailey\Desktop\Programming\Libraries\LWJGL\lwjgl-jawt.jar;C:\Users\Bailey\Desktop\Programming\Libraries\LWJGL\slick-util3.jar;C:\Users\Bailey\Desktop\Programming\Libraries\LWJGL\lwjgl-opengl.jar;C:\Users\Bailey\Desktop\Programming\Libraries\LWJGL\lwjgl-javadoc.jar;C:\Users\Bailey\Desktop\Programming\Libraries\LWJGL\lwjgl-sources.jar;C:\Users\Bailey\Desktop\P
Launcher Type: SUN_STANDARD

Environment Variables:
PATH=C:\Program Files (x86)\Common Files\Intel\Shared Libraries\redist\intel64_win\compiler;C:\Program Files (x86)\Common Files\Oracle\Java\javapath;C:\windows\system32;C:\windows;C:\windows\System32\Wbem;C:\windows\System32\WindowsPowerShell\v1.0\;C:\windows\System32\OpenSSH\;C:\Program Files\dotnet\;C:\Program Files\Microsoft SQL Server\130\Tools\Binn\;C:\Program Files\Microsoft SQL Server\Client SDK\ODBC\170\Tools\Binn\;C:\Program Files\nodejs\;C:\Program Files\Git\cmd;C:\Program Files\Microsoft Windows Performance Toolkit\;C:\Users\Bailey\AppData\Local\Microsoft\WindowsApps;C:\Users\Bailey\AppData\Local\Programs\Microsoft VS Code\bin;C:\Users\Bailey\AppData\Roaming\npm;C:\Users\Bailey\AppData\Local\atom\bin;C:\Program Files\mingw-w64\x86_64-8.1.0-posix-seh-rt_v6-rev0\mingw64\bin;
USERNAME=Bailey
OS=Windows_NT
PROCESSOR_IDENTIFIER=Intel64 Family 6 Model 126 Stepping 5, GenuineIntel



---------------  S Y S T E M  ---------------

OS: Windows 10.0 , 64 bit Build 18362 (10.0.18362.1110)

CPU:total 8 (initial active 8) (4 cores per cpu, 2 threads per core) family 6 model 126 stepping 5, cmov, cx8, fxsr, mmx, sse, sse2, sse3, ssse3, sse4.1, sse4.2, popcnt, avx, avx2, aes, clmul, erms, 3dnowpref, lzcnt, ht, tsc, tscinvbit, bmi1, bmi2, adx

Memory: 4k page, physical 7969312k(2172956k free), swap 15003344k(5186148k free)

vm_info: Java HotSpot(TM) 64-Bit Server VM (25.271-b09) for windows-amd64 JRE (1.8.0_271-b09), built on Sep 16 2020 19:14:59 by "" with MS VC++ 15.9 (VS2017)

time: Thu Dec 31 00:00:49 2020
timezone: New Zealand Summer Time
elapsed time: 2.810854 seconds (0d 0h 0m 2s)

